<?xml version="1.0" encoding="UTF-8"?>
<!-- Generated by org.testng.reporters.JUnitXMLReporter -->
<testsuite hostname="desarollo" name="Default test" tests="9" failures="0" timestamp="15 Dec 2015 00:52:17 GMT" time="3.429" errors="0">
  <testcase name="bigdecimal" time="0.573" classname="org.efaps.json.data.Data"/>
  <testcase name="bigdecimalread" time="0.032" classname="org.efaps.json.data.Data"/>
  <testcase name="bigdecimalread2" time="0.002" classname="org.efaps.json.data.Data"/>
  <testcase name="map1" time="0.05" classname="org.efaps.json.data.Data"/>
  <testcase name="object1" time="0.058" classname="org.efaps.json.data.Data"/>
  <testcase name="objects" time="0.018" classname="org.efaps.json.data.Data"/>
  <testcase name="objectsIn" time="2.627" classname="org.efaps.json.data.Data"/>
  <testcase name="one" time="0.008" classname="org.efaps.json.data.Data"/>
  <testcase name="two" time="0.004" classname="org.efaps.json.data.Data"/>
</testsuite> <!-- Default test -->
